19/04 19:19:51 FINER client.SimClient|creating agent instance of WolfAgent
19/04 19:19:51 FINE client.ServerConnection|(1) connecting to server localhost at port 6502
19/04 19:19:51 FINE client.ServerConnection|(1) connected to server localhost
19/04 19:19:51 FINEST client.ServerConnection|(1) sending Message[wolfagent,admin,adminContent[auth,[name=wolfagent,password=passw0rd,client.version=0.9.6]]]
19/04 19:19:51 FINEST client.SimClient|(1) received adminContent[auth,[server.version=0.8.19]]
19/04 19:19:51 FINER client.ServerConnection|(1) successfully logged in as wolfagent
19/04 19:19:51 FINEST client.ServerConnection|(1) sending Message[wolfagent,admin,adminContent[server time,[]]]
19/04 19:19:51 FINEST client.ServerConnection|(1) sending Message[wolfagent,admin,adminContent[join simulation,[]]]
19/04 19:19:51 FINEST client.SimClient|(1) received adminContent[server time,[time=1397953191844]]
20/04 00:19:51 FINEST client.SimClient|(1) received adminContent[join simulation,[type=tac06scm,startTime=1397953260000,role=PCManufacturer]]
20/04 00:19:51 INFO client.SimClient|next simulation starts in 68 seconds
20/04 00:19:51 INFO client.SimClient|[will reconnect in 0 minutes, 53 seconds]
20/04 00:19:51 FINEST client.ServerConnection|(1) sending Message[wolfagent,admin,adminContent[quit,[]]]
20/04 00:19:51 FINEST client.ServerConnection|(1) received Message[admin,wolfagent,adminContent[quit,[]]]
20/04 00:19:51 FINE client.ServerConnection|(1) disconnected from server localhost
20/04 00:20:45 FINE client.ServerConnection|(2) connecting to server localhost at port 6502
20/04 00:20:45 FINE client.ServerConnection|(2) connected to server localhost
20/04 00:20:45 FINEST client.ServerConnection|(2) sending Message[wolfagent,admin,adminContent[auth,[name=wolfagent,password=passw0rd,client.version=0.9.6]]]
20/04 00:20:45 FINEST client.SimClient|(2) received adminContent[auth,[server.version=0.8.19]]
20/04 00:20:45 FINER client.ServerConnection|(2) successfully logged in as wolfagent
20/04 00:20:45 FINEST client.ServerConnection|(2) sending Message[wolfagent,admin,adminContent[server time,[]]]
20/04 00:20:45 FINEST client.ServerConnection|(2) sending Message[wolfagent,admin,adminContent[join simulation,[]]]
20/04 00:20:45 FINEST client.SimClient|(2) received adminContent[server time,[time=1397953245014]]
20/04 00:20:45 FINEST client.SimClient|(2) received adminContent[join simulation,[type=tac06scm,simulation=1,startTime=1397953260000,role=PCManufacturer]]
20/04 00:20:45 INFO client.SimClient|next simulation 1 starts in 14 seconds
20/04 00:20:45 FINEST client.ServerConnection|(2) sending Message[wolfagent,admin,adminContent[join simulation,[]]]
20/04 00:20:45 FINEST client.SimClient|(2) received adminContent[join simulation,[type=tac06scm,simulation=1,startTime=1397953260000,role=PCManufacturer]]
20/04 00:20:45 INFO client.SimClient|next simulation 1 starts in 14 seconds
20/04 00:20:47 FINEST client.ServerConnection|(2) sending Message[wolfagent,admin,adminContent[join simulation,[]]]
20/04 00:20:47 FINEST client.SimClient|(2) received adminContent[join simulation,[type=tac06scm,simulation=1,startTime=1397953260000,role=PCManufacturer]]
20/04 00:20:47 INFO client.SimClient|next simulation 1 starts in 12 seconds
20/04 00:20:49 FINEST client.ServerConnection|(2) sending Message[wolfagent,admin,adminContent[join simulation,[]]]
20/04 00:20:49 FINEST client.SimClient|(2) received adminContent[join simulation,[type=tac06scm,simulation=1,startTime=1397953260000,role=PCManufacturer]]
20/04 00:20:49 INFO client.SimClient|next simulation 1 starts in 10 seconds
20/04 00:20:53 FINEST client.ServerConnection|(2) sending Message[wolfagent,admin,adminContent[join simulation,[]]]
20/04 00:20:53 FINEST client.SimClient|(2) received adminContent[join simulation,[type=tac06scm,simulation=1,startTime=1397953260000,role=PCManufacturer]]
20/04 00:20:53 INFO client.SimClient|next simulation 1 starts in 6 seconds
20/04 00:20:54 FINEST client.ServerConnection|(2) sending Message[wolfagent,admin,adminContent[join simulation,[]]]
20/04 00:20:54 FINEST client.SimClient|(2) received adminContent[join simulation,[type=tac06scm,simulation=1,startTime=1397953260000,role=PCManufacturer]]
20/04 00:20:54 INFO client.SimClient|next simulation 1 starts in 5 seconds
20/04 00:20:55 FINEST client.ServerConnection|(2) sending Message[wolfagent,admin,adminContent[join simulation,[]]]
20/04 00:20:55 FINEST client.SimClient|(2) received adminContent[join simulation,[type=tac06scm,simulation=1,startTime=1397953260000,role=PCManufacturer]]
20/04 00:20:55 INFO client.SimClient|next simulation 1 starts in 4 seconds
20/04 00:20:56 FINEST client.ServerConnection|(2) sending Message[wolfagent,admin,adminContent[join simulation,[]]]
20/04 00:20:56 FINEST client.SimClient|(2) received adminContent[join simulation,[type=tac06scm,simulation=1,startTime=1397953260000,role=PCManufacturer]]
20/04 00:20:56 INFO client.SimClient|next simulation 1 starts in 3 seconds
20/04 00:20:57 FINEST client.ServerConnection|(2) sending Message[wolfagent,admin,adminContent[join simulation,[]]]
20/04 00:20:57 FINEST client.SimClient|(2) received adminContent[join simulation,[type=tac06scm,simulation=1,startTime=1397953260000,role=PCManufacturer]]
20/04 00:20:57 INFO client.SimClient|next simulation 1 starts in 2 seconds
20/04 00:20:58 FINEST client.ServerConnection|(2) sending Message[wolfagent,admin,adminContent[join simulation,[]]]
20/04 00:20:58 FINEST client.SimClient|(2) received adminContent[join simulation,[type=tac06scm,simulation=1,startTime=1397953260000,role=PCManufacturer]]
20/04 00:20:58 INFO client.SimClient|next simulation 1 starts in 1 seconds
20/04 00:20:59 FINEST client.ServerConnection|(2) sending Message[wolfagent,admin,adminContent[join simulation,[]]]
20/04 00:20:59 FINEST client.SimClient|(2) received adminContent[join simulation,[type=tac06scm,simulation=1,startTime=1397953260000,role=PCManufacturer]]
20/04 00:20:59 INFO client.SimClient|next simulation 1 starts in 0 seconds
20/04 00:21:00 FINEST client.ServerConnection|(2) sending Message[wolfagent,admin,adminContent[join simulation,[]]]
20/04 00:21:00 FINEST client.SimClient|(2) received adminContent[join simulation,[type=tac06scm,simulation=1,startTime=1397953260000,role=PCManufacturer]]
20/04 00:21:00 INFO client.SimClient|next simulation 1 has already started
20/04 00:21:00 FINEST client.SimClient|(2) received Message[coordinator,man1,startInfo[1,1397953260000,220000,1,[customer.daysBeforeVoid=5,factory.address=factory1,factory.capacity=2000,factory.storageCost=32,bank.interestRate=7,bank.depositInterestRate=3,manufacturer.count=6,manufacturer.1=wolfagent,manufacturer.2=Dummy,manufacturer.3=Dummy-2,manufacturer.4=Dummy-3,manufacturer.5=Dummy-4,manufacturer.6=Dummy-5]]]
20/04 00:21:00 FINE client.SimClient|Entering log for simulation 1
************************************************************
* Entering log for simulation 1
************************************************************


