03/04 21:06:39 FINER client.SimClient|creating agent instance of JaimeBot
03/04 21:06:39 FINE client.ServerConnection|(1) connecting to server localhost at port 6502
03/04 21:06:39 FINE client.ServerConnection|(1) connected to server localhost
03/04 21:06:39 FINEST client.ServerConnection|(1) sending Message[jaimemantilla,admin,adminContent[auth,[name=jaimemantilla,password=passw0rd,client.version=0.9.6]]]
03/04 21:06:39 FINEST client.SimClient|(1) received adminContent[auth,[server.version=0.8.19]]
03/04 21:06:39 FINER client.ServerConnection|(1) successfully logged in as jaimemantilla
03/04 21:06:39 FINEST client.ServerConnection|(1) sending Message[jaimemantilla,admin,adminContent[server time,[]]]
03/04 21:06:39 FINEST client.ServerConnection|(1) sending Message[jaimemantilla,admin,adminContent[join simulation,[]]]
03/04 21:06:39 FINEST client.SimClient|(1) received adminContent[server time,[time=1396577199983]]
04/04 02:06:40 FINEST client.SimClient|(1) received adminContent[join simulation,[type=tac06scm,startTime=1396577280000,role=PCManufacturer]]
04/04 02:06:40 INFO client.SimClient|next simulation starts in 79 seconds
04/04 02:06:40 INFO client.SimClient|[will reconnect in 1 minutes, 4 seconds]
04/04 02:06:40 FINEST client.ServerConnection|(1) sending Message[jaimemantilla,admin,adminContent[quit,[]]]
04/04 02:06:40 FINEST client.ServerConnection|(1) received Message[admin,jaimemantilla,adminContent[quit,[]]]
04/04 02:06:40 FINE client.ServerConnection|(1) disconnected from server localhost
04/04 02:07:45 FINE client.ServerConnection|(2) connecting to server localhost at port 6502
04/04 02:07:45 FINE client.ServerConnection|(2) connected to server localhost
04/04 02:07:45 FINEST client.ServerConnection|(2) sending Message[jaimemantilla,admin,adminContent[auth,[name=jaimemantilla,password=passw0rd,client.version=0.9.6]]]
04/04 02:07:45 FINEST client.SimClient|(2) received adminContent[auth,[server.version=0.8.19]]
04/04 02:07:45 FINER client.ServerConnection|(2) successfully logged in as jaimemantilla
04/04 02:07:45 FINEST client.ServerConnection|(2) sending Message[jaimemantilla,admin,adminContent[server time,[]]]
04/04 02:07:45 FINEST client.ServerConnection|(2) sending Message[jaimemantilla,admin,adminContent[join simulation,[]]]
04/04 02:07:45 FINEST client.SimClient|(2) received adminContent[server time,[time=1396577265015]]
04/04 02:07:45 FINEST client.SimClient|(2) received adminContent[join simulation,[type=tac06scm,simulation=6,startTime=1396577280000,role=PCManufacturer]]
04/04 02:07:45 INFO client.SimClient|next simulation 6 starts in 14 seconds
04/04 02:08:00 FINEST client.SimClient|(2) received Message[coordinator,man1,startInfo[6,1396577280000,220000,1,[customer.daysBeforeVoid=5,factory.address=factory1,factory.capacity=2000,factory.storageCost=43,bank.interestRate=7,bank.depositInterestRate=3,manufacturer.count=6,manufacturer.1=jaimemantilla,manufacturer.2=Dummy,manufacturer.3=Dummy-2,manufacturer.4=Dummy-3,manufacturer.5=Dummy-4,manufacturer.6=Dummy-5]]]
04/04 02:08:00 FINE client.SimClient|Entering log for simulation 6
************************************************************
* Entering log for simulation 6
************************************************************


04/04 02:11:40 FINEST client.ServerConnection|(2) sending Message[jaimemantilla,admin,adminContent[join simulation,[]]]
04/04 02:11:40 FINEST client.SimClient|(2) received adminContent[join simulation,[type=tac06scm,startTime=1396577580000,role=PCManufacturer]]
04/04 02:11:40 FINER client.SimClient|creating agent instance of JaimeBot
04/04 02:11:40 INFO client.SimClient|next simulation starts in 79 seconds
04/04 02:11:40 INFO client.SimClient|[will reconnect in 1 minutes, 4 seconds]
04/04 02:11:40 FINEST client.ServerConnection|(2) sending Message[jaimemantilla,admin,adminContent[quit,[]]]
04/04 02:11:40 FINEST client.ServerConnection|(2) received Message[admin,jaimemantilla,adminContent[quit,[]]]
04/04 02:11:40 FINE client.ServerConnection|(2) disconnected from server localhost
